Performing C SOURCE FILE Test CMAKE_HAVE_LIBC_PTHREAD failed with the following output:
Change Dir: /mnt/d/Bureau/Isima/second_annee/amongUs/Murder_SMA_Raylib/build/CMakeFiles/CMakeTmp

Run Build Command(s):/usr/bin/make cmTC_cebb0/fast && /usr/bin/make -f CMakeFiles/cmTC_cebb0.dir/build.make CMakeFiles/cmTC_cebb0.dir/build
make[1]: Entering directory '/mnt/d/Bureau/Isima/second_annee/amongUs/Murder_SMA_Raylib/build/CMakeFiles/CMakeTmp'
Building C object CMakeFiles/cmTC_cebb0.dir/src.c.o
/usr/bin/cc   -fno-strict-aliasing -Werror=implicit-function-declaration -Werror=pointer-arith  -DCMAKE_HAVE_LIBC_PTHREAD   -o CMakeFiles/cmTC_cebb0.dir/src.c.o   -c /mnt/d/Bureau/Isima/second_annee/amongUs/Murder_SMA_Raylib/build/CMakeFiles/CMakeTmp/src.c
Linking C executable cmTC_cebb0
/usr/bin/cmake -E cmake_link_script CMakeFiles/cmTC_cebb0.dir/link.txt --verbose=1
/usr/bin/cc -fno-strict-aliasing -Werror=implicit-function-declaration -Werror=pointer-arith  -DCMAKE_HAVE_LIBC_PTHREAD    CMakeFiles/cmTC_cebb0.dir/src.c.o  -o cmTC_cebb0 
/usr/bin/ld: CMakeFiles/cmTC_cebb0.dir/src.c.o: in function `main':
src.c:(.text+0x46): undefined reference to `pthread_create'
/usr/bin/ld: src.c:(.text+0x52): undefined reference to `pthread_detach'
/usr/bin/ld: src.c:(.text+0x63): undefined reference to `pthread_join'
collect2: error: ld returned 1 exit status
make[1]: *** [CMakeFiles/cmTC_cebb0.dir/build.make:87: cmTC_cebb0] Error 1
make[1]: Leaving directory '/mnt/d/Bureau/Isima/second_annee/amongUs/Murder_SMA_Raylib/build/CMakeFiles/CMakeTmp'
make: *** [Makefile:121: cmTC_cebb0/fast] Error 2


Source file was:
#include <pthread.h>

void* test_func(void* data)
{
  return data;
}

int main(void)
{
  pthread_t thread;
  pthread_create(&thread, NULL, test_func, NULL);
  pthread_detach(thread);
  pthread_join(thread, NULL);
  pthread_atfork(NULL, NULL, NULL);
  pthread_exit(NULL);

  return 0;
}

Determining if the function pthread_create exists in the pthreads failed with the following output:
Change Dir: /mnt/d/Bureau/Isima/second_annee/amongUs/Murder_SMA_Raylib/build/CMakeFiles/CMakeTmp

Run Build Command(s):/usr/bin/make cmTC_9fb8e/fast && /usr/bin/make -f CMakeFiles/cmTC_9fb8e.dir/build.make CMakeFiles/cmTC_9fb8e.dir/build
make[1]: Entering directory '/mnt/d/Bureau/Isima/second_annee/amongUs/Murder_SMA_Raylib/build/CMakeFiles/CMakeTmp'
Building C object CMakeFiles/cmTC_9fb8e.dir/CheckFunctionExists.c.o
/usr/bin/cc   -fno-strict-aliasing -Werror=implicit-function-declaration -Werror=pointer-arith  -DCHECK_FUNCTION_EXISTS=pthread_create   -std=gnu99 -o CMakeFiles/cmTC_9fb8e.dir/CheckFunctionExists.c.o   -c /usr/share/cmake-3.16/Modules/CheckFunctionExists.c
Linking C executable cmTC_9fb8e
/usr/bin/cmake -E cmake_link_script CMakeFiles/cmTC_9fb8e.dir/link.txt --verbose=1
/usr/bin/cc -fno-strict-aliasing -Werror=implicit-function-declaration -Werror=pointer-arith  -DCHECK_FUNCTION_EXISTS=pthread_create    CMakeFiles/cmTC_9fb8e.dir/CheckFunctionExists.c.o  -o cmTC_9fb8e  -lpthreads 
/usr/bin/ld: cannot find -lpthreads
collect2: error: ld returned 1 exit status
make[1]: *** [CMakeFiles/cmTC_9fb8e.dir/build.make:87: cmTC_9fb8e] Error 1
make[1]: Leaving directory '/mnt/d/Bureau/Isima/second_annee/amongUs/Murder_SMA_Raylib/build/CMakeFiles/CMakeTmp'
make: *** [Makefile:121: cmTC_9fb8e/fast] Error 2



